#
# There is insufficient memory for the Java Runtime Environment to continue.
# Native memory allocation (mmap) failed to map 268435456 bytes for G1 virtual space
# Possible reasons:
#   The system is out of physical RAM or swap space
#   The process is running with CompressedOops enabled, and the Java Heap may be blocking the growth of the native heap
# Possible solutions:
#   Reduce memory load on the system
#   Increase physical memory or swap space
#   Check if swap backing store is full
#   Decrease Java heap size (-Xmx/-Xms)
#   Decrease number of Java threads
#   Decrease Java thread stack sizes (-Xss)
#   Set larger code cache with -XX:ReservedCodeCacheSize=
#   JVM is running with Zero Based Compressed Oops mode in which the Java heap is
#     placed in the first 32GB address space. The Java Heap base address is the
#     maximum limit for the native heap growth. Please use -XX:HeapBaseMinAddress
#     to set the Java Heap base and to place the Java Heap above 32GB virtual address.
# This output file may be truncated or incomplete.
#
#  Out of Memory Error (os_windows.cpp:3825), pid=25552, tid=18184
#
# JRE version:  (17.0.10+8) (build )
# Java VM: OpenJDK 64-Bit Server VM (17.0.10+8-b1207.12, mixed mode, sharing, tiered, compressed oops, compressed class ptrs, g1 gc, windows-amd64)
# No core dump will be written. Minidumps are not enabled by default on client versions of Windows
#

---------------  S U M M A R Y ------------

Command Line: git4idea.http.GitAskPassApp Username for 'https://github.com': 

Host: Intel(R) Core(TM) i5-10400 CPU @ 2.90GHz, 12 cores, 15G,  Windows 10 , 64 bit Build 19041 (10.0.19041.3636)
Time: Sun May 12 20:36:20 2024 RTZ 2 (s 10 , 64 bit Build 19041 (10.0.19041.3636) elapsed time: 0.216360 seconds (0d 0h 0m 0s)

---------------  T H R E A D  ---------------

Current thread (0x0000020317c90000):  JavaThread "Unknown thread" [_thread_in_vm, id=18184, stack(0x0000005fc5200000,0x0000005fc5300000)]

Stack: [0x0000005fc5200000,0x0000005fc5300000]
Native frames: (J=compiled Java code, j=interpreted, Vv=VM code, C=native code)
V  [jvm.dll+0x687989]
V  [jvm.dll+0x84116a]
V  [jvm.dll+0x842dae]
V  [jvm.dll+0x843413]
V  [jvm.dll+0x249ccf]
V  [jvm.dll+0x684759]
V  [jvm.dll+0x67900a]
V  [jvm.dll+0x30ab0b]
V  [jvm.dll+0x311fb6]
V  [jvm.dll+0x361d5e]
V  [jvm.dll+0x361f8f]
V  [jvm.dll+0x2e07f8]
V  [jvm.dll+0x2e1764]
V  [jvm.dll+0x811c31]
V  [jvm.dll+0x36fc11]
V  [jvm.dll+0x7f0666]
V  [jvm.dll+0x3f3daf]
V  [jvm.dll+0x3f5a41]
C  [jli.dll+0x528f]
C  [ucrtbase.dll+0x21bb2]
C  [KERNEL32.DLL+0x17344]
C  [ntdll.dll+0x526b1]


---------------  P R O C E S S  ---------------

Threads class SMR info:
_java_thread_list=0x00007fffbc7adf58, length=0, elements={
}

Java Threads: ( => current thread )

Other Threads:
  0x0000020317cfc620 GCTaskThread "GC Thread#0" [stack: 0x0000005fc5300000,0x0000005fc5400000] [id=18172]
  0x0000020317d0fac0 ConcurrentGCThread "G1 Main Marker" [stack: 0x0000005fc5400000,0x0000005fc5500000] [id=18716]
  0x0000020317d103f0 ConcurrentGCThread "G1 Conc#0" [stack: 0x0000005fc5500000,0x0000005fc5600000] [id=18176]

[error occurred during error reporting (printing all threads), id 0xc0000005, EXCEPTION_ACCESS_VIOLATION (0xc0000005) at pc=0x00007fffbbf613c7]

VM state: not at safepoint (not fully initialized)

VM Mutex/Monitor currently owned by a thread:  ([mutex/lock_event])
[0x0000020317c8a7c0] Heap_lock - owner thread: 0x0000020317c90000

Heap address: 0x0000000701800000, size: 4072 MB, Compressed Oops mode: Zero based, Oop shift amount: 3

CDS archive(s) mapped at: [0x0000000000000000-0x0000000000000000-0x0000000000000000), size 0, SharedBaseAddress: 0x0000000800000000, ArchiveRelocationMode: 1.
Narrow klass base: 0x0000000000000000, Narrow klass shift: 0, Narrow klass range: 0x0

GC Precious Log:
<Empty>

Heap:
 garbage-first heap   total 0K, used 0K [0x0000000701800000, 0x0000000800000000)
  region size 2048K, 0 young (0K), 0 survivors (0K)
 Metaspace       used 0K, committed 0K, reserved 0K
  class space    used 0K, committed 0K, reserved 0K

Heap Regions: E=young(eden), S=young(survivor), O=old, HS=humongous(starts), HC=humongous(continues), CS=collection set, F=free, OA=open archive, CA=closed archive, TAMS=top-at-mark-start (previous, next)

Card table byte_map: [0x000002032d070000,0x000002032d870000] _byte_map_base: 0x0000020329864000

Marking Bits (Prev, Next): (CMBitMap*) 0x0000020317cfdb60, (CMBitMap*) 0x0000020317cfdba0
 Prev Bits: [0x000002032e070000, 0x0000020332010000)
 Next Bits: [0x0000020332010000, 0x0000020335fb0000)

GC Heap History (0 events):
No events

Dll operation events (1 events):
Event: 0.007 Loaded shared library C:\Program Files\JetBrains\PhpStorm 2023.2.3\jbr\bin\java.dll

Deoptimization events (0 events):
No events

Classes unloaded (0 events):
No events

Classes redefined (0 events):
No events

Internal exceptions (0 events):
No events

VM Operations (0 events):
No events

Events (0 events):
No events


Dynamic libraries:
0x00007ff707150000 - 0x00007ff70715a000 	C:\Program Files\JetBrains\PhpStorm 2023.2.3\jbr\bin\java.exe
0x00007ff82a390000 - 0x00007ff82a588000 	C:\Windows\SYSTEM32\ntdll.dll
0x00007ff829a70000 - 0x00007ff829b2d000 	C:\Windows\System32\KERNEL32.DLL
0x00007ff827c60000 - 0x00007ff827f56000 	C:\Windows\System32\KERNELBASE.dll
0x00007ff828180000 - 0x00007ff828280000 	C:\Windows\System32\ucrtbase.dll
0x00007fffd5b80000 - 0x00007fffd5b97000 	C:\Program Files\JetBrains\PhpStorm 2023.2.3\jbr\bin\jli.dll
0x00007ff828860000 - 0x00007ff8289ff000 	C:\Windows\System32\USER32.dll
0x00007ff827ad0000 - 0x00007ff827af2000 	C:\Windows\System32\win32u.dll
0x00007ff81e6d0000 - 0x00007ff81e6eb000 	C:\Program Files\JetBrains\PhpStorm 2023.2.3\jbr\bin\VCRUNTIME140.dll
0x00007ff812570000 - 0x00007ff81280a000 	C:\Windows\WinSxS\amd64_microsoft.windows.common-controls_6595b64144ccf1df_6.0.19041.3636_none_60b6a03d71f818d5\COMCTL32.dll
0x00007ff829640000 - 0x00007ff82966b000 	C:\Windows\System32\GDI32.dll
0x00007ff8283c0000 - 0x00007ff82845e000 	C:\Windows\System32\msvcrt.dll
0x00007ff827f60000 - 0x00007ff828077000 	C:\Windows\System32\gdi32full.dll
0x00007ff828280000 - 0x00007ff82831d000 	C:\Windows\System32\msvcp_win.dll
0x00007ff828a20000 - 0x00007ff828a52000 	C:\Windows\System32\IMM32.DLL
0x00007ff81e6c0000 - 0x00007ff81e6cc000 	C:\Program Files\JetBrains\PhpStorm 2023.2.3\jbr\bin\vcruntime140_1.dll
0x00007ff80c330000 - 0x00007ff80c3bd000 	C:\Program Files\JetBrains\PhpStorm 2023.2.3\jbr\bin\msvcp140.dll
0x00007fffbbc70000 - 0x00007fffbc8f2000 	C:\Program Files\JetBrains\PhpStorm 2023.2.3\jbr\bin\server\jvm.dll
0x00007ff82a2a0000 - 0x00007ff82a350000 	C:\Windows\System32\ADVAPI32.dll
0x00007ff828b40000 - 0x00007ff828be0000 	C:\Windows\System32\sechost.dll
0x00007ff829890000 - 0x00007ff8299b3000 	C:\Windows\System32\RPCRT4.dll
0x00007ff828390000 - 0x00007ff8283b7000 	C:\Windows\System32\bcrypt.dll
0x00007ff826f40000 - 0x00007ff826f8b000 	C:\Windows\SYSTEM32\POWRPROF.dll
0x00007ff80cc40000 - 0x00007ff80cc49000 	C:\Windows\SYSTEM32\WSOCK32.dll
0x00007ff8208f0000 - 0x00007ff8208fa000 	C:\Windows\SYSTEM32\VERSION.dll
0x00007ff815ad0000 - 0x00007ff815af7000 	C:\Windows\SYSTEM32\WINMM.dll
0x00007ff829670000 - 0x00007ff8296db000 	C:\Windows\System32\WS2_32.dll
0x00007ff826e00000 - 0x00007ff826e12000 	C:\Windows\SYSTEM32\UMPDC.dll
0x00007ff8258b0000 - 0x00007ff8258c2000 	C:\Windows\SYSTEM32\kernel.appcore.dll
0x00007ff825100000 - 0x00007ff82510a000 	C:\Program Files\JetBrains\PhpStorm 2023.2.3\jbr\bin\jimage.dll
0x00007ff81f600000 - 0x00007ff81f7e4000 	C:\Windows\SYSTEM32\DBGHELP.DLL
0x00007ff802e40000 - 0x00007ff802e74000 	C:\Windows\SYSTEM32\dbgcore.DLL
0x00007ff827a40000 - 0x00007ff827ac2000 	C:\Windows\System32\bcryptPrimitives.dll
0x00007ffff5a00000 - 0x00007ffff5a25000 	C:\Program Files\JetBrains\PhpStorm 2023.2.3\jbr\bin\java.dll

dbghelp: loaded successfully - version: 4.0.5 - missing functions: none
symbol engine: initialized successfully - sym options: 0x614 - pdb path: .;C:\Program Files\JetBrains\PhpStorm 2023.2.3\jbr\bin;C:\Windows\SYSTEM32;C:\Windows\WinSxS\amd64_microsoft.windows.common-controls_6595b64144ccf1df_6.0.19041.3636_none_60b6a03d71f818d5;C:\Program Files\JetBrains\PhpStorm 2023.2.3\jbr\bin\server

VM Arguments:
java_command: git4idea.http.GitAskPassApp Username for 'https://github.com': 
java_class_path (initial): C:/Program Files/JetBrains/PhpStorm 2023.2.3/plugins/vcs-git/lib/git4idea-rt.jar;C:/Program Files/JetBrains/PhpStorm 2023.2.3/lib/externalProcess-rt.jar
Launcher Type: SUN_STANDARD

[Global flags]
     intx CICompilerCount                          = 4                                         {product} {ergonomic}
     uint ConcGCThreads                            = 3                                         {product} {ergonomic}
     uint G1ConcRefinementThreads                  = 10                                        {product} {ergonomic}
   size_t G1HeapRegionSize                         = 2097152                                   {product} {ergonomic}
    uintx GCDrainStackTargetSize                   = 64                                        {product} {ergonomic}
   size_t InitialHeapSize                          = 268435456                                 {product} {ergonomic}
   size_t MarkStackSize                            = 4194304                                   {product} {ergonomic}
   size_t MaxHeapSize                              = 4269801472                                {product} {ergonomic}
   size_t MinHeapDeltaBytes                        = 2097152                                   {product} {ergonomic}
   size_t MinHeapSize                              = 8388608                                   {product} {ergonomic}
    uintx NonNMethodCodeHeapSize                   = 5839372                                {pd product} {ergonomic}
    uintx NonProfiledCodeHeapSize                  = 122909434                              {pd product} {ergonomic}
    uintx ProfiledCodeHeapSize                     = 122909434                              {pd product} {ergonomic}
    uintx ReservedCodeCacheSize                    = 251658240                              {pd product} {ergonomic}
     bool SegmentedCodeCache                       = true                                      {product} {ergonomic}
   size_t SoftMaxHeapSize                          = 4269801472                             {manageable} {ergonomic}
     bool UseCompressedClassPointers               = true                           {product lp64_product} {ergonomic}
     bool UseCompressedOops                        = true                           {product lp64_product} {ergonomic}
     bool UseG1GC                                  = true                                      {product} {ergonomic}
     bool UseLargePagesIndividualAllocation        = false                                  {pd product} {ergonomic}

Logging:
Log output configuration:
 #0: stdout all=warning uptime,level,tags
 #1: stderr all=off uptime,level,tags

Environment Variables:
JAVA_HOME=D:\Java\jdk-17.0.2
CLASSPATH=C:\Program Files\Java\Java3D\1.5.1\lib\ext*
PATH=C:\Program Files\Git\mingw64\libexec\git-core;C:\Program Files\Git\mingw64\libexec\git-core;C:\Program Files\Git\mingw64\bin;C:\Program Files\Git\usr\bin;C:\Users\comp\bin;C:\ProgramData\Oracle\Java\javapath;C:\Windows\system32;C:\Windows;C:\Windows\System32\Wbem;C:\Windows\System32\WindowsPowerShell\v1.0;C:\Windows\System32\OpenSSH;C:\Program Files\NVIDIA Corporation\NVIDIA NvDLISR;C:\Program Files (x86)\NVIDIA Corporation\PhysX\Common;C:\Program Files\Microsoft SQL Server\Client SDK\ODBC\170\Tools\Binn;D:\Java\jdk-17.0.2\bin;C:\Program Files\TortoiseGit\bin;C:\Program Files\dotnet;C:\Program Files\PuTTY;C:\Program Files\Git LFS;C:\Program Files\Microsoft SQL Server\150\Tools\Binn;D:\Java\jdk-17.0.2\bin;C:\ProgramData\ComposerSetup\bin;C:\Program Files\nodejs;C:\Program Files\Git\cmd;C:\Program Files\Docker\Docker\resources\bin;C:\Users\comp\AppData\Local\Microsoft\WindowsApps;C:\Users\comp\AppData\Local\Programs\Microsoft VS Code\bin;C:\Program Files\Azure Data Studio\bin;C:\Program Files\Java\Java3D\1.5.1\bin;C:\Program Files\Java\Java3D\1.5.1\lib\ext;C:\Users\comp\.dotnet\tools;C:\Users\comp\AppData\Local\GitHubDesktop\bin;C:\PHP8.3;C:\Users\comp\AppData\Roaming\Composer\vendor\bin;C:\Users\comp\AppData\Roaming\npm;C:\Users\comp\AppData\Local\Programs\Python\Python312;C:\Users\comp\AppData\Local\Programs\Python\Python312\Scripts
USERNAME=comp
DISPLAY=:0.0
LC_ALL=en_US.UTF-8
TERM=xterm-256color
TMPDIR=C:\Users\comp\AppData\Local\Temp
OS=Windows_NT
PROCESSOR_IDENTIFIER=Intel64 Family 6 Model 165 Stepping 3, GenuineIntel
TMP=C:\Users\comp\AppData\Local\Temp
TEMP=C:\Users\comp\AppData\Local\Temp



Periodic native trim disabled

JNI global refs:
JNI global refs: 0, weak refs: 0

JNI global refs memory usage: 0, weak refs: 0

OOME stack traces (most recent first):
Classloader memory used:


---------------  S Y S T E M  ---------------

OS:
 Windows 10 , 64 bit Build 19041 (10.0.19041.3636)
OS uptime: 0 days 4:51 hours
Hyper-V role detected

CPU: total 12 (initial active 12) (6 cores per cpu, 2 threads per core) family 6 model 165 stepping 3 microcode 0xf0, cx8, cmov, fxsr, ht, mmx, 3dnowpref, sse, sse2, sse3, ssse3, sse4.1, sse4.2, popcnt, lzcnt, tsc, tscinvbit, avx, avx2, aes, erms, clmul, bmi1, bmi2, adx, fma, vzeroupper, clflush, clflushopt, hv
Processor Information for all 12 processors :
  Max Mhz: 2904, Current Mhz: 2904, Mhz Limit: 2904

Memory: 4k page, system-wide physical 16280M (641M free)
TotalPageFile size 24472M (AvailPageFile size 13M)
current process WorkingSet (physical memory assigned to process): 10M, peak: 10M
current process commit charge ("private bytes"): 64M, peak: 320M

vm_info: OpenJDK 64-Bit Server VM (17.0.10+8-b1207.12) for windows-amd64 JRE (17.0.10+8-b1207.12), built on 2024-03-15 by "builduser" with MS VC++ 16.10 / 16.11 (VS2019)

END.
